<?xml version="1.0" encoding="UTF-8"?>
<testng-results ignored="0" total="1" passed="1" failed="0" skipped="0">
  <reporter-output>
  </reporter-output>
  <suite started-at="2022-09-18T17:44:08 TRT" name="Suite_1" finished-at="2022-09-18T17:44:46 TRT" duration-ms="37663">
    <groups>
    </groups>
    <test started-at="2022-09-18T17:44:08 TRT" name="Suit_1" finished-at="2022-09-18T17:44:46 TRT" duration-ms="37663">
      <class name="Tests.Case">
        <test-method is-config="true" signature="setupTest(java.lang.String)[pri:0, instance:Tests.Case@165b8a71]" started-at="2022-09-18T17:44:09 TRT" name="setupTest" finished-at="2022-09-18T17:44:12 TRT" duration-ms="3008" status="PASS">
          <params>
            <param index="0">
              <value>
                <![CDATA[chrome]]>
              </value>
            </param>
          </params>
          <reporter-output>
          </reporter-output>
        </test-method> <!-- setupTest -->
        <test-method signature="case1(java.lang.reflect.Method)[pri:0, instance:Tests.Case@165b8a71]" started-at="2022-09-18T17:44:12 TRT" name="case1" description="TC001" finished-at="2022-09-18T17:44:46 TRT" duration-ms="34430" status="PASS">
          <params>
            <param index="0">
              <value>
                <![CDATA[public void Tests.Case.case1(java.lang.reflect.Method) throws java.lang.InterruptedException]]>
              </value>
            </param>
          </params>
          <reporter-output>
          </reporter-output>
        </test-method> <!-- case1 -->
        <test-method is-config="true" signature="tearDown()[pri:0, instance:Tests.Case@165b8a71]" started-at="2022-09-18T17:44:46 TRT" name="tearDown" finished-at="2022-09-18T17:44:46 TRT" duration-ms="146" status="PASS">
          <reporter-output>
          </reporter-output>
        </test-method> <!-- tearDown -->
      </class> <!-- Tests.Case -->
    </test> <!-- Suit_1 -->
  </suite> <!-- Suite_1 -->
</testng-results>
