<?xml version="1.0" encoding="UTF-8"?>
<testsuite xmlns:xsi="http://www.w3.org/2001/XMLSchema-instance" xsi:noNamespaceSchemaLocation="https://maven.apache.org/surefire/maven-surefire-plugin/xsd/surefire-test-report-3.0.xsd" version="3.0" name="TestSuite" time="56.57" tests="1" errors="0" skipped="0" failures="0">
  <properties>
[...]
</properties>
  <testcase name="case1[public void Tests.Case.case1(java.lang.reflect.Method) throws java.lang.InterruptedException](1)" classname="Tests.Case" time="52.836">
    <system-out><![CDATA[[INFO ] 2022-09-18 17:27:21.913 [main] Listener - I am in onStart method Suit_1
[INFO ] 2022-09-18 17:27:22.367 [main] WebDriverManager - Using chromedriver 105.0.5195.52 (resolved driver for Chrome 105)
[INFO ] 2022-09-18 17:27:22.394 [main] WebDriverManager - Exporting webdriver.chrome.driver as C:\Users\PC\.cache\selenium\chromedriver\win32\105.0.5195.52\chromedriver.exe
[INFO ] 2022-09-18 17:27:24.194 [main] Listener - Test Started: case1
[INFO ] 2022-09-18 17:27:24.587 [main] MainPage - User go to https://www.a101.com.tr/
[INFO ] 2022-09-18 17:27:29.564 [main] MainPage - User allowed cookies
[INFO ] 2022-09-18 17:27:29.741 [main] MainPage - User navigate to https://www.a101.com.tr/giyim-aksesuar/dizalti-corap/
[INFO ] 2022-09-18 17:27:31.589 [main] ProductPage - User click first product in Dizalti Corap
[INFO ] 2022-09-18 17:27:33.568 [main] ProductPage - User can see product colour
Seçılen Renk: SİYAH
[INFO ] 2022-09-18 17:27:35.693 [main] ProductPage - User can click add to cart button
[INFO ] 2022-09-18 17:27:35.864 [main] ProductPage - User can click view cart button
[INFO ] 2022-09-18 17:27:37.392 [main] BasketPage - User can click Sepeti Onayla Buttonu
[INFO ] 2022-09-18 17:27:39.774 [main] OrdersCheckoutPage - User click uye olmadan devam et button in order page
[INFO ] 2022-09-18 17:27:41.156 [main] OrdersCheckoutPage - User can see email page
[INFO ] 2022-09-18 17:27:41.180 [main] OrdersCheckoutPage - User can send email
[INFO ] 2022-09-18 17:27:41.397 [main] AddressPage - User click yeni adres olustur butonuna
[INFO ] 2022-09-18 17:27:43.830 [main] AddressPage - User  yeni adres olustur inputlarinin doldurur
[INFO ] 2022-09-18 17:27:49.534 [main] AddressPage - User  Kaydet ve Devam Et butonuna tiklar
[INFO ] 2022-09-18 17:27:49.625 [main] PaymentPage - User  ödeme ekranını gördüğünü doğrular
[INFO ] 2022-09-18 17:27:50.197 [main] PaymentPage - User siparişi tamamla butonuna tiklar
[INFO ] 2022-09-18 17:27:50.326 [main] PaymentPage - User siparişi tamamla butonuna tikladiginda kart bilgileri doldurulmadan ilerleyemedigini dogrular
[INFO ] 2022-09-18 17:27:50.360 [main] PaymentPage - User odeme yapmak icin GARANTİ PAY i secer
[INFO ] 2022-09-18 17:27:50.544 [main] PaymentPage - User GARANTİ PAY sozlesmeyi kabul et radio buttona tiklar
[INFO ] 2022-09-18 17:27:50.666 [main] PaymentPage - User GARANTİ PAY odeme yap buttona tiklar
[INFO ] 2022-09-18 17:27:50.768 [main] PaymentPage - User GARANTİ PAY odeme ekraninin göruldugunu dogrular
Waiting for page to load...
]]></system-out>
    <system-err><![CDATA[Starting ChromeDriver 105.0.5195.52 (412c95e518836d8a7d97250d62b29c2ae6a26a85-refs/branch-heads/5195@{#853}) on port 53457
Only local connections are allowed.
Please see https://chromedriver.chromium.org/security-considerations for suggestions on keeping ChromeDriver safe.
ChromeDriver was started successfully.
Eyl 18, 2022 5:27:24 ÖS org.openqa.selenium.remote.ProtocolHandshake createSession
INFO: Detected upstream dialect: W3C
Eyl 18, 2022 5:27:24 ÖS org.openqa.selenium.devtools.CdpVersionFinder findNearestMatch
WARNING: Unable to find an exact match for CDP version 105, so returning the closest version found: 103
Eyl 18, 2022 5:27:24 ÖS org.openqa.selenium.devtools.CdpVersionFinder findNearestMatch
INFO: Found CDP implementation for version 105 of 103
]]></system-err>
  </testcase>
</testsuite>